<?xml version="1.0" encoding="UTF-8"?>
<testsuite name="com.ceos20.instagram.PostRepositoryTest" tests="1" skipped="0" failures="0" errors="0" timestamp="2024-09-28T11:20:34" hostname="gim-yeonsuui-MacBookPro.local" time="0.361">
  <properties/>
  <testcase name="save_test()" classname="com.ceos20.instagram.PostRepositoryTest" time="0.361"/>
  <system-out><![CDATA[20:20:33.516 [Test worker] INFO org.springframework.test.context.support.AnnotationConfigContextLoaderUtils -- Could not detect default configuration classes for test class [com.ceos20.instagram.PostRepositoryTest]: PostRepositoryTest does not declare any static, non-private, non-final, nested classes annotated with @Configuration.
20:20:33.551 [Test worker] INFO org.springframework.boot.test.context.SpringBootTestContextBootstrapper -- Found @SpringBootConfiguration com.ceos20.instagram.InstagramApplication for test class com.ceos20.instagram.PostRepositoryTest

  .   ____          _            __ _ _
 /\\ / ___'_ __ _ _(_)_ __  __ _ \ \ \ \
( ( )\___ | '_ | '_| | '_ \/ _` | \ \ \ \
 \\/  ___)| |_)| | | | | || (_| |  ) ) ) )
  '  |____| .__|_| |_|_| |_\__, | / / / /
 =========|_|==============|___/=/_/_/_/

 :: Spring Boot ::                (v3.3.3)

2024-09-28T20:20:33.681+09:00  INFO 3613 --- [    Test worker] c.ceos20.instagram.PostRepositoryTest    : Starting PostRepositoryTest using Java 17.0.12 with PID 3613 (started by yeonsookim in /Users/yeonsookim/spring-instagram-20th)
2024-09-28T20:20:33.681+09:00  INFO 3613 --- [    Test worker] c.ceos20.instagram.PostRepositoryTest    : No active profile set, falling back to 1 default profile: "default"
2024-09-28T20:20:33.879+09:00  INFO 3613 --- [    Test worker] .s.d.r.c.RepositoryConfigurationDelegate : Bootstrapping Spring Data JPA repositories in DEFAULT mode.
2024-09-28T20:20:33.895+09:00  INFO 3613 --- [    Test worker] .s.d.r.c.RepositoryConfigurationDelegate : Finished Spring Data repository scanning in 13 ms. Found 1 JPA repository interface.
2024-09-28T20:20:34.034+09:00  INFO 3613 --- [    Test worker] o.hibernate.jpa.internal.util.LogHelper  : HHH000204: Processing PersistenceUnitInfo [name: default]
2024-09-28T20:20:34.051+09:00  INFO 3613 --- [    Test worker] org.hibernate.Version                    : HHH000412: Hibernate ORM core version 6.5.2.Final
2024-09-28T20:20:34.061+09:00  INFO 3613 --- [    Test worker] o.h.c.internal.RegionFactoryInitiator    : HHH000026: Second-level cache disabled
2024-09-28T20:20:34.159+09:00  INFO 3613 --- [    Test worker] o.s.o.j.p.SpringPersistenceUnitInfo      : No LoadTimeWeaver setup: ignoring JPA class transformer
2024-09-28T20:20:34.167+09:00  INFO 3613 --- [    Test worker] com.zaxxer.hikari.HikariDataSource       : HikariPool-1 - Starting...
2024-09-28T20:20:34.276+09:00  INFO 3613 --- [    Test worker] com.zaxxer.hikari.pool.HikariPool        : HikariPool-1 - Added connection com.mysql.cj.jdbc.ConnectionImpl@ce2eaa7
2024-09-28T20:20:34.276+09:00  INFO 3613 --- [    Test worker] com.zaxxer.hikari.HikariDataSource       : HikariPool-1 - Start completed.
2024-09-28T20:20:34.543+09:00  INFO 3613 --- [    Test worker] o.h.m.i.EntityInstantiatorPojoStandard   : HHH000182: No default (no-argument) constructor for class: com.ceos20.instagram.Domain.Follow (class must be instantiated by Interceptor)
2024-09-28T20:20:34.558+09:00  INFO 3613 --- [    Test worker] o.h.m.i.EntityInstantiatorPojoStandard   : HHH000182: No default (no-argument) constructor for class: com.ceos20.instagram.Domain.Likes (class must be instantiated by Interceptor)
2024-09-28T20:20:34.625+09:00  INFO 3613 --- [    Test worker] o.h.e.t.j.p.i.JtaPlatformInitiator       : HHH000489: No JTA platform available (set 'hibernate.transaction.jta.platform' to enable JTA platform integration)
2024-09-28T20:20:34.704+09:00  INFO 3613 --- [    Test worker] j.LocalContainerEntityManagerFactoryBean : Initialized JPA EntityManagerFactory for persistence unit 'default'
2024-09-28T20:20:34.773+09:00  WARN 3613 --- [    Test worker] JpaBaseConfiguration$JpaWebConfiguration : spring.jpa.open-in-view is enabled by default. Therefore, database queries may be performed during view rendering. Explicitly configure spring.jpa.open-in-view to disable this warning
2024-09-28T20:20:34.946+09:00  INFO 3613 --- [    Test worker] c.ceos20.instagram.PostRepositoryTest    : Started PostRepositoryTest in 1.348 seconds (process running for 1.703)
Hibernate: 
    insert 
    into
        user
        (email, password, username) 
    values
        (?, ?, ?)
Hibernate: 
    insert 
    into
        user
        (email, password, username) 
    values
        (?, ?, ?)
Hibernate: 
    insert 
    into
        post
        (caption, created_at, image_url, user_id) 
    values
        (?, ?, ?, ?)
Hibernate: 
    insert 
    into
        post
        (caption, created_at, image_url, user_id) 
    values
        (?, ?, ?, ?)
Hibernate: 
    insert 
    into
        post
        (caption, created_at, image_url, user_id) 
    values
        (?, ?, ?, ?)
Hibernate: 
    insert 
    into
        post
        (caption, created_at, image_url, user_id) 
    values
        (?, ?, ?, ?)
Hibernate: 
    select
        p1_0.post_id,
        p1_0.caption,
        p1_0.created_at,
        p1_0.image_url,
        u1_0.user_id,
        u1_0.email,
        u1_0.password,
        u1_0.username 
    from
        post p1_0 
    join
        user u1_0 
            on u1_0.user_id=p1_0.user_id
Hibernate: 
    select
        p1_0.user_id,
        p1_0.post_id,
        p1_0.caption,
        p1_0.created_at,
        p1_0.image_url 
    from
        post p1_0 
    where
        p1_0.user_id=?
Hibernate: 
    select
        p1_0.user_id,
        p1_0.post_id,
        p1_0.caption,
        p1_0.created_at,
        p1_0.image_url 
    from
        post p1_0 
    where
        p1_0.user_id=?
post = com.ceos20.instagram.Domain.User@47c019d7
->post.getUser().getClass() = class com.ceos20.instagram.Domain.User
->post.getUser() = com.ceos20.instagram.Domain.User@47c019d7
post = com.ceos20.instagram.Domain.User@47c019d7
->post.getUser().getClass() = class com.ceos20.instagram.Domain.User
->post.getUser() = com.ceos20.instagram.Domain.User@47c019d7
post = com.ceos20.instagram.Domain.User@16124894
->post.getUser().getClass() = class com.ceos20.instagram.Domain.User
->post.getUser() = com.ceos20.instagram.Domain.User@16124894
post = com.ceos20.instagram.Domain.User@16124894
->post.getUser().getClass() = class com.ceos20.instagram.Domain.User
->post.getUser() = com.ceos20.instagram.Domain.User@16124894
]]></system-out>
  <system-err><![CDATA[]]></system-err>
</testsuite>
